<?xml version="1.0" encoding="UTF-8"?>
<testng-results ignored="0" total="1" passed="0" failed="1" skipped="0">
  <reporter-output>
  </reporter-output>
  <suite started-at="2022-09-19T16:14:41 IST" name="Default suite" finished-at="2022-09-19T16:15:07 IST" duration-ms="25422">
    <groups>
    </groups>
    <test started-at="2022-09-19T16:14:41 IST" name="Default test" finished-at="2022-09-19T16:15:07 IST" duration-ms="25422">
      <class name="org.testNGTourismManagementScriptsTest.BookaPackageAndCheckCountTest">
        <test-method is-config="true" signature="classSetup()[pri:0, instance:org.testNGTourismManagementScriptsTest.BookaPackageAndCheckCountTest@2d710f1a]" started-at="2022-09-19T16:14:41 IST" name="classSetup" finished-at="2022-09-19T16:14:50 IST" duration-ms="8478" status="PASS">
          <reporter-output>
          </reporter-output>
        </test-method> <!-- classSetup -->
        <test-method is-config="true" signature="methodSetup()[pri:0, instance:org.testNGTourismManagementScriptsTest.BookaPackageAndCheckCountTest@2d710f1a]" started-at="2022-09-19T16:14:50 IST" name="methodSetup" finished-at="2022-09-19T16:14:52 IST" duration-ms="2246" status="PASS">
          <reporter-output>
          </reporter-output>
        </test-method> <!-- methodSetup -->
        <test-method signature="bookPackageCheckCountIncreases()[pri:0, instance:org.testNGTourismManagementScriptsTest.BookaPackageAndCheckCountTest@2d710f1a]" started-at="2022-09-19T16:14:52 IST" name="bookPackageCheckCountIncreases" finished-at="2022-09-19T16:15:06 IST" duration-ms="13860" status="FAIL">
          <exception class="org.openqa.selenium.ElementClickInterceptedException">
            <message>
              <![CDATA[element click intercepted: Element <a href="package-details.php?pkgid=50" class="view">...</a> is not clickable at point (1150, 549). Other element would receive the click: <div class="col-md-3 room-right wow fadeInRight animated animated" data-wow-delay=".5s" style="visibility: visible; animation-delay: 0.5s; animation-name: fadeInRight;">...</div>
  (Session info: chrome=105.0.5195.127)
Build info: version: '4.4.0', revision: 'e5c75ed026a'
System info: host: 'SWARAJ-PC', ip: '192.168.137.1', os.name: 'Windows 10', os.arch: 'amd64', os.version: '10.0', java.version: '17.0.3'
Driver info: org.openqa.selenium.chrome.ChromeDriver
Command: [a3d6b458b7e1d738a427806c4a5891b3, clickElement {id=b2c40b8d-e0c6-49f6-a2da-976a43d7493c}]
Capabilities {acceptInsecureCerts: false, browserName: chrome, browserVersion: 105.0.5195.127, chrome: {chromedriverVersion: 105.0.5195.52 (412c95e51883..., userDataDir: C:\Users\SWARAJ~1\AppData\L...}, goog:chromeOptions: {debuggerAddress: localhost:58187}, networkConnectionEnabled: false, pageLoadStrategy: normal, platformName: WINDOWS, proxy: Proxy(), se:cdp: ws://localhost:58187/devtoo..., se:cdpVersion: 105.0.5195.127, setWindowRect: true, strictFileInteractability: false, timeouts: {implicit: 0, pageLoad: 300000, script: 30000}, unhandledPromptBehavior: dismiss and notify, webauthn:extension:credBlob: true, webauthn:extension:largeBlob: true, webauthn:virtualAuthenticators: true}
Element: [[ChromeDriver: chrome on WINDOWS (a3d6b458b7e1d738a427806c4a5891b3)] -> xpath: //h4[.='Package Name: DummyPackage379']/ancestor::div[@class='rom-btm']/descendant::a]
Session ID: a3d6b458b7e1d738a427806c4a5891b3]]>
            </message>
            <full-stacktrace>
              <![CDATA[org.openqa.selenium.ElementClickInterceptedException: element click intercepted: Element <a href="package-details.php?pkgid=50" class="view">...</a> is not clickable at point (1150, 549). Other element would receive the click: <div class="col-md-3 room-right wow fadeInRight animated animated" data-wow-delay=".5s" style="visibility: visible; animation-delay: 0.5s; animation-name: fadeInRight;">...</div>
  (Session info: chrome=105.0.5195.127)
Build info: version: '4.4.0', revision: 'e5c75ed026a'
System info: host: 'SWARAJ-PC', ip: '192.168.137.1', os.name: 'Windows 10', os.arch: 'amd64', os.version: '10.0', java.version: '17.0.3'
Driver info: org.openqa.selenium.chrome.ChromeDriver
Command: [a3d6b458b7e1d738a427806c4a5891b3, clickElement {id=b2c40b8d-e0c6-49f6-a2da-976a43d7493c}]
Capabilities {acceptInsecureCerts: false, browserName: chrome, browserVersion: 105.0.5195.127, chrome: {chromedriverVersion: 105.0.5195.52 (412c95e51883..., userDataDir: C:\Users\SWARAJ~1\AppData\L...}, goog:chromeOptions: {debuggerAddress: localhost:58187}, networkConnectionEnabled: false, pageLoadStrategy: normal, platformName: WINDOWS, proxy: Proxy(), se:cdp: ws://localhost:58187/devtoo..., se:cdpVersion: 105.0.5195.127, setWindowRect: true, strictFileInteractability: false, timeouts: {implicit: 0, pageLoad: 300000, script: 30000}, unhandledPromptBehavior: dismiss and notify, webauthn:extension:credBlob: true, webauthn:extension:largeBlob: true, webauthn:virtualAuthenticators: true}
Element: [[ChromeDriver: chrome on WINDOWS (a3d6b458b7e1d738a427806c4a5891b3)] -> xpath: //h4[.='Package Name: DummyPackage379']/ancestor::div[@class='rom-btm']/descendant::a]
Session ID: a3d6b458b7e1d738a427806c4a5891b3
at java.base/jdk.internal.reflect.NativeConstructorAccessorImpl.newInstance0(Native Method)
at java.base/jdk.internal.reflect.NativeConstructorAccessorImpl.newInstance(NativeConstructorAccessorImpl.java:77)
at java.base/jdk.internal.reflect.DelegatingConstructorAccessorImpl.newInstance(DelegatingConstructorAccessorImpl.java:45)
at java.base/java.lang.reflect.Constructor.newInstanceWithCaller(Constructor.java:499)
at java.base/java.lang.reflect.Constructor.newInstance(Constructor.java:480)
at org.openqa.selenium.remote.codec.w3c.W3CHttpResponseCodec.createException(W3CHttpResponseCodec.java:200)
at org.openqa.selenium.remote.codec.w3c.W3CHttpResponseCodec.decode(W3CHttpResponseCodec.java:133)
at org.openqa.selenium.remote.codec.w3c.W3CHttpResponseCodec.decode(W3CHttpResponseCodec.java:53)
at org.openqa.selenium.remote.HttpCommandExecutor.execute(HttpCommandExecutor.java:184)
at org.openqa.selenium.remote.service.DriverCommandExecutor.invokeExecute(DriverCommandExecutor.java:167)
at org.openqa.selenium.remote.service.DriverCommandExecutor.execute(DriverCommandExecutor.java:142)
at org.openqa.selenium.remote.RemoteWebDriver.execute(RemoteWebDriver.java:547)
at org.openqa.selenium.remote.RemoteWebElement.execute(RemoteWebElement.java:257)
at org.openqa.selenium.remote.RemoteWebElement.click(RemoteWebElement.java:78)
at org.TourismManagement.POMRepository.UserHomePage.ViewSpecifiedPackage(UserHomePage.java:63)
at org.testNGTourismManagementScriptsTest.BookaPackageAndCheckCountTest.bookPackageCheckCountIncreases(BookaPackageAndCheckCountTest.java:35)
at java.base/jdk.internal.reflect.NativeMethodAccessorImpl.invoke0(Native Method)
at java.base/jdk.internal.reflect.NativeMethodAccessorImpl.invoke(NativeMethodAccessorImpl.java:77)
at java.base/jdk.internal.reflect.DelegatingMethodAccessorImpl.invoke(DelegatingMethodAccessorImpl.java:43)
at java.base/java.lang.reflect.Method.invoke(Method.java:568)
at org.testng.internal.MethodInvocationHelper.invokeMethod(MethodInvocationHelper.java:133)
at org.testng.internal.TestInvoker.invokeMethod(TestInvoker.java:598)
at org.testng.internal.TestInvoker.invokeTestMethod(TestInvoker.java:173)
at org.testng.internal.MethodRunner.runInSequence(MethodRunner.java:46)
at org.testng.internal.TestInvoker$MethodInvocationAgent.invoke(TestInvoker.java:824)
at org.testng.internal.TestInvoker.invokeTestMethods(TestInvoker.java:146)
at org.testng.internal.TestMethodWorker.invokeTestMethods(TestMethodWorker.java:146)
at org.testng.internal.TestMethodWorker.run(TestMethodWorker.java:128)
at java.base/java.util.ArrayList.forEach(ArrayList.java:1511)
at org.testng.TestRunner.privateRun(TestRunner.java:794)
at org.testng.TestRunner.run(TestRunner.java:596)
at org.testng.SuiteRunner.runTest(SuiteRunner.java:377)
at org.testng.SuiteRunner.runSequentially(SuiteRunner.java:371)
at org.testng.SuiteRunner.privateRun(SuiteRunner.java:332)
at org.testng.SuiteRunner.run(SuiteRunner.java:276)
at org.testng.SuiteRunnerWorker.runSuite(SuiteRunnerWorker.java:53)
at org.testng.SuiteRunnerWorker.run(SuiteRunnerWorker.java:96)
at org.testng.TestNG.runSuitesSequentially(TestNG.java:1212)
at org.testng.TestNG.runSuitesLocally(TestNG.java:1134)
at org.testng.TestNG.runSuites(TestNG.java:1063)
at org.testng.TestNG.run(TestNG.java:1031)
at org.testng.remote.AbstractRemoteTestNG.run(AbstractRemoteTestNG.java:115)
at org.testng.remote.RemoteTestNG.initAndRun(RemoteTestNG.java:251)
at org.testng.remote.RemoteTestNG.main(RemoteTestNG.java:77)
]]>
            </full-stacktrace>
          </exception> <!-- org.openqa.selenium.ElementClickInterceptedException -->
          <reporter-output>
          </reporter-output>
        </test-method> <!-- bookPackageCheckCountIncreases -->
        <test-method is-config="true" signature="classTearDown()[pri:0, instance:org.testNGTourismManagementScriptsTest.BookaPackageAndCheckCountTest@2d710f1a]" started-at="2022-09-19T16:15:06 IST" name="classTearDown" finished-at="2022-09-19T16:15:07 IST" duration-ms="700" status="PASS">
          <reporter-output>
          </reporter-output>
        </test-method> <!-- classTearDown -->
      </class> <!-- org.testNGTourismManagementScriptsTest.BookaPackageAndCheckCountTest -->
    </test> <!-- Default test -->
  </suite> <!-- Default suite -->
</testng-results>
